# JRE version: Java(TM) SE Runtime Environment (8.0_152-b16) (build 1.8.0_152-b16)
# Java VM: Java HotSpot(TM) 64-Bit Server VM (25.152-b16 mixed mode windows-amd64 compressed oops)
Heap:
 PSYoungGen      total 118784K, used 87590K [0x00000000e0c00000, 0x00000000e9500000, 0x0000000100000000)
  eden space 98304K, 76% used [0x00000000e0c00000,0x00000000e55974f0,0x00000000e6c00000)
  from space 20480K, 59% used [0x00000000e8100000,0x00000000e8cf2508,0x00000000e9500000)
  to   space 20992K, 0% used [0x00000000e6c00000,0x00000000e6c00000,0x00000000e8080000)
 ParOldGen       total 64512K, used 29120K [0x00000000a2400000, 0x00000000a6300000, 0x00000000e0c00000)
  object space 64512K, 45% used [0x00000000a2400000,0x00000000a40703b0,0x00000000a6300000)
 Metaspace       used 14387K, capacity 14472K, committed 14720K, reserved 1062912K
  class space    used 1518K, capacity 1558K, committed 1664K, reserved 1048576K
GC Heap History (10 events):
Event: 1.037 GC heap before
{Heap before GC invocations=2 (full 0):
 PSYoungGen      total 28160K, used 28121K [0x00000000e0c00000, 0x00000000e2b00000, 0x0000000100000000)
  eden space 24576K, 99% used [0x00000000e0c00000,0x00000000e23f9538,0x00000000e2400000)
  from space 3584K, 99% used [0x00000000e2400000,0x00000000e277d0d8,0x00000000e2780000)
  to   space 3584K, 0% used [0x00000000e2780000,0x00000000e2780000,0x00000000e2b00000)
 ParOldGen       total 64512K, used 192K [0x00000000a2400000, 0x00000000a6300000, 0x00000000e0c00000)
  object space 64512K, 0% used [0x00000000a2400000,0x00000000a2430278,0x00000000a6300000)
 Metaspace       used 11251K, capacity 11336K, committed 11392K, reserved 1058816K
  class space    used 1325K, capacity 1366K, committed 1408K, reserved 1048576K
Event: 1.042 GC heap after
Heap after GC invocations=2 (full 0):
 PSYoungGen      total 28160K, used 3123K [0x00000000e0c00000, 0x00000000e4300000, 0x0000000100000000)
  eden space 24576K, 0% used [0x00000000e0c00000,0x00000000e0c00000,0x00000000e2400000)
  from space 3584K, 87% used [0x00000000e2780000,0x00000000e2a8cec0,0x00000000e2b00000)
  to   space 3584K, 0% used [0x00000000e2400000,0x00000000e2400000,0x00000000e2780000)
 ParOldGen       total 64512K, used 200K [0x00000000a2400000, 0x00000000a6300000, 0x00000000e0c00000)
  object space 64512K, 0% used [0x00000000a2400000,0x00000000a2432278,0x00000000a6300000)
 Metaspace       used 11251K, capacity 11336K, committed 11392K, reserved 1058816K
  class space    used 1325K, capacity 1366K, committed 1408K, reserved 1048576K
}
Event: 1.269 GC heap before
{Heap before GC invocations=3 (full 0):
 PSYoungGen      total 28160K, used 27679K [0x00000000e0c00000, 0x00000000e4300000, 0x0000000100000000)
  eden space 24576K, 99% used [0x00000000e0c00000,0x00000000e23fae40,0x00000000e2400000)
  from space 3584K, 87% used [0x00000000e2780000,0x00000000e2a8cec0,0x00000000e2b00000)
  to   space 3584K, 0% used [0x00000000e2400000,0x00000000e2400000,0x00000000e2780000)
 ParOldGen       total 64512K, used 200K [0x00000000a2400000, 0x00000000a6300000, 0x00000000e0c00000)
  object space 64512K, 0% used [0x00000000a2400000,0x00000000a2432278,0x00000000a6300000)
 Metaspace       used 11805K, capacity 11880K, committed 11904K, reserved 1060864K
  class space    used 1355K, capacity 1398K, committed 1408K, reserved 1048576K
Event: 1.279 GC heap after
Heap after GC invocations=3 (full 0):
 PSYoungGen      total 28160K, used 3575K [0x00000000e0c00000, 0x00000000e4300000, 0x0000000100000000)
  eden space 24576K, 0% used [0x00000000e0c00000,0x00000000e0c00000,0x00000000e2400000)
  from space 3584K, 99% used [0x00000000e2400000,0x00000000e277de68,0x00000000e2780000)
  to   space 3584K, 0% used [0x00000000e3f80000,0x00000000e3f80000,0x00000000e4300000)
 ParOldGen       total 64512K, used 3942K [0x00000000a2400000, 0x00000000a6300000, 0x00000000e0c00000)
  object space 64512K, 6% used [0x00000000a2400000,0x00000000a27d9978,0x00000000a6300000)
 Metaspace       used 11805K, capacity 11880K, committed 11904K, reserved 1060864K
  class space    used 1355K, capacity 1398K, committed 1408K, reserved 1048576K
}
Event: 1.714 GC heap before
{Heap before GC invocations=4 (full 0):
 PSYoungGen      total 28160K, used 28151K [0x00000000e0c00000, 0x00000000e4300000, 0x0000000100000000)
  eden space 24576K, 100% used [0x00000000e0c00000,0x00000000e2400000,0x00000000e2400000)
  from space 3584K, 99% used [0x00000000e2400000,0x00000000e277de68,0x00000000e2780000)
  to   space 3584K, 0% used [0x00000000e3f80000,0x00000000e3f80000,0x00000000e4300000)
 ParOldGen       total 64512K, used 3942K [0x00000000a2400000, 0x00000000a6300000, 0x00000000e0c00000)
  object space 64512K, 6% used [0x00000000a2400000,0x00000000a27d9978,0x00000000a6300000)
 Metaspace       used 11832K, capacity 11944K, committed 12160K, reserved 1060864K
  class space    used 1355K, capacity 1398K, committed 1408K, reserved 1048576K
Event: 1.731 GC heap after
Heap after GC invocations=4 (full 0):
 PSYoungGen      total 52736K, used 3558K [0x00000000e0c00000, 0x00000000e4300000, 0x0000000100000000)
  eden space 49152K, 0% used [0x00000000e0c00000,0x00000000e0c00000,0x00000000e3c00000)
  from space 3584K, 99% used [0x00000000e3f80000,0x00000000e42f9898,0x00000000e4300000)
  to   space 3584K, 0% used [0x00000000e3c00000,0x00000000e3c00000,0x00000000e3f80000)
 ParOldGen       total 64512K, used 11092K [0x00000000a2400000, 0x00000000a6300000, 0x00000000e0c00000)
  object space 64512K, 17% used [0x00000000a2400000,0x00000000a2ed5388,0x00000000a6300000)
 Metaspace       used 11832K, capacity 11944K, committed 12160K, reserved 1060864K
  class space    used 1355K, capacity 1398K, committed 1408K, reserved 1048576K
}
Event: 2.243 GC heap before
{Heap before GC invocations=5 (full 0):
 PSYoungGen      total 52736K, used 52710K [0x00000000e0c00000, 0x00000000e4300000, 0x0000000100000000)
  eden space 49152K, 100% used [0x00000000e0c00000,0x00000000e3c00000,0x00000000e3c00000)
  from space 3584K, 99% used [0x00000000e3f80000,0x00000000e42f9898,0x00000000e4300000)
  to   space 3584K, 0% used [0x00000000e3c00000,0x00000000e3c00000,0x00000000e3f80000)
 ParOldGen       total 64512K, used 11092K [0x00000000a2400000, 0x00000000a6300000, 0x00000000e0c00000)
  object space 64512K, 17% used [0x00000000a2400000,0x00000000a2ed5388,0x00000000a6300000)
 Metaspace       used 12147K, capacity 12264K, committed 12416K, reserved 1060864K
  class space    used 1373K, capacity 1398K, committed 1408K, reserved 1048576K
Event: 2.265 GC heap after
Heap after GC invocations=5 (full 0):
 PSYoungGen      total 52736K, used 3575K [0x00000000e0c00000, 0x00000000e9600000, 0x0000000100000000)
  eden space 49152K, 0% used [0x00000000e0c00000,0x00000000e0c00000,0x00000000e3c00000)
  from space 3584K, 99% used [0x00000000e3c00000,0x00000000e3f7de70,0x00000000e3f80000)
  to   space 21504K, 0% used [0x00000000e8100000,0x00000000e8100000,0x00000000e9600000)
 ParOldGen       total 64512K, used 29112K [0x00000000a2400000, 0x00000000a6300000, 0x00000000e0c00000)
  object space 64512K, 45% used [0x00000000a2400000,0x00000000a406e3b0,0x00000000a6300000)
 Metaspace       used 12147K, capacity 12264K, committed 12416K, reserved 1060864K
  class space    used 1373K, capacity 1398K, committed 1408K, reserved 1048576K
}
Event: 2.971 GC heap before
{Heap before GC invocations=6 (full 0):
 PSYoungGen      total 52736K, used 52727K [0x00000000e0c00000, 0x00000000e9600000, 0x0000000100000000)
  eden space 49152K, 100% used [0x00000000e0c00000,0x00000000e3c00000,0x00000000e3c00000)
  from space 3584K, 99% used [0x00000000e3c00000,0x00000000e3f7de70,0x00000000e3f80000)
  to   space 21504K, 0% used [0x00000000e8100000,0x00000000e8100000,0x00000000e9600000)
 ParOldGen       total 64512K, used 29112K [0x00000000a2400000, 0x00000000a6300000, 0x00000000e0c00000)
  object space 64512K, 45% used [0x00000000a2400000,0x00000000a406e3b0,0x00000000a6300000)
 Metaspace       used 13442K, capacity 13576K, committed 13696K, reserved 1060864K
  class space    used 1498K, capacity 1558K, committed 1664K, reserved 1048576K
Event: 2.984 GC heap after
Heap after GC invocations=6 (full 0):
 PSYoungGen      total 118784K, used 12233K [0x00000000e0c00000, 0x00000000e9500000, 0x0000000100000000)
  eden space 98304K, 0% used [0x00000000e0c00000,0x00000000e0c00000,0x00000000e6c00000)
  from space 20480K, 59% used [0x00000000e8100000,0x00000000e8cf2508,0x00000000e9500000)
  to   space 20992K, 0% used [0x00000000e6c00000,0x00000000e6c00000,0x00000000e8080000)
 ParOldGen       total 64512K, used 29120K [0x00000000a2400000, 0x00000000a6300000, 0x00000000e0c00000)
  object space 64512K, 45% used [0x00000000a2400000,0x00000000a40703b0,0x00000000a6300000)
 Metaspace       used 13442K, capacity 13576K, committed 13696K, reserved 1060864K
  class space    used 1498K, capacity 1558K, committed 1664K, reserved 1048576K
}

