# JRE version: Java(TM) SE Runtime Environment (8.0_152-b16) (build 1.8.0_152-b16)
# Java VM: Java HotSpot(TM) 64-Bit Server VM (25.152-b16 mixed mode windows-amd64 compressed oops)
Heap:
 PSYoungGen      total 114688K, used 18613K [0x00000000e0c00000, 0x00000000e9600000, 0x0000000100000000)
  eden space 94208K, 1% used [0x00000000e0c00000,0x00000000e0dcf538,0x00000000e6800000)
  from space 20480K, 81% used [0x00000000e7e00000,0x00000000e8e5e148,0x00000000e9200000)
  to   space 22528K, 0% used [0x00000000e6800000,0x00000000e6800000,0x00000000e7e00000)
 ParOldGen       total 64512K, used 24428K [0x00000000a2400000, 0x00000000a6300000, 0x00000000e0c00000)
  object space 64512K, 37% used [0x00000000a2400000,0x00000000a3bdb000,0x00000000a6300000)
 Metaspace       used 14342K, capacity 14472K, committed 14720K, reserved 1062912K
  class space    used 1516K, capacity 1558K, committed 1664K, reserved 1048576K
GC Heap History (10 events):
Event: 5.789 GC heap before
{Heap before GC invocations=4 (full 0):
 PSYoungGen      total 28160K, used 28155K [0x00000000e0c00000, 0x00000000e2b00000, 0x0000000100000000)
  eden space 24576K, 100% used [0x00000000e0c00000,0x00000000e2400000,0x00000000e2400000)
  from space 3584K, 99% used [0x00000000e2400000,0x00000000e277edf8,0x00000000e2780000)
  to   space 3584K, 0% used [0x00000000e2780000,0x00000000e2780000,0x00000000e2b00000)
 ParOldGen       total 64512K, used 4514K [0x00000000a2400000, 0x00000000a6300000, 0x00000000e0c00000)
  object space 64512K, 6% used [0x00000000a2400000,0x00000000a28689a8,0x00000000a6300000)
 Metaspace       used 11824K, capacity 11944K, committed 12160K, reserved 1060864K
  class space    used 1356K, capacity 1398K, committed 1408K, reserved 1048576K
Event: 5.799 GC heap after
Heap after GC invocations=4 (full 0):
 PSYoungGen      total 28160K, used 3574K [0x00000000e0c00000, 0x00000000e2b00000, 0x0000000100000000)
  eden space 24576K, 0% used [0x00000000e0c00000,0x00000000e0c00000,0x00000000e2400000)
  from space 3584K, 99% used [0x00000000e2780000,0x00000000e2afdb60,0x00000000e2b00000)
  to   space 3584K, 0% used [0x00000000e2400000,0x00000000e2400000,0x00000000e2780000)
 ParOldGen       total 64512K, used 11234K [0x00000000a2400000, 0x00000000a6300000, 0x00000000e0c00000)
  object space 64512K, 17% used [0x00000000a2400000,0x00000000a2ef8bb0,0x00000000a6300000)
 Metaspace       used 11824K, capacity 11944K, committed 12160K, reserved 1060864K
  class space    used 1356K, capacity 1398K, committed 1408K, reserved 1048576K
}
Event: 6.102 GC heap before
{Heap before GC invocations=5 (full 0):
 PSYoungGen      total 28160K, used 28150K [0x00000000e0c00000, 0x00000000e2b00000, 0x0000000100000000)
  eden space 24576K, 100% used [0x00000000e0c00000,0x00000000e2400000,0x00000000e2400000)
  from space 3584K, 99% used [0x00000000e2780000,0x00000000e2afdb60,0x00000000e2b00000)
  to   space 3584K, 0% used [0x00000000e2400000,0x00000000e2400000,0x00000000e2780000)
 ParOldGen       total 64512K, used 11234K [0x00000000a2400000, 0x00000000a6300000, 0x00000000e0c00000)
  object space 64512K, 17% used [0x00000000a2400000,0x00000000a2ef8bb0,0x00000000a6300000)
 Metaspace       used 11906K, capacity 12072K, committed 12160K, reserved 1060864K
  class space    used 1360K, capacity 1398K, committed 1408K, reserved 1048576K
Event: 6.120 GC heap after
Heap after GC invocations=5 (full 0):
 PSYoungGen      total 28160K, used 3563K [0x00000000e0c00000, 0x00000000e5b00000, 0x0000000100000000)
  eden space 24576K, 0% used [0x00000000e0c00000,0x00000000e0c00000,0x00000000e2400000)
  from space 3584K, 99% used [0x00000000e2400000,0x00000000e277ad18,0x00000000e2780000)
  to   space 15872K, 0% used [0x00000000e4b80000,0x00000000e4b80000,0x00000000e5b00000)
 ParOldGen       total 64512K, used 21405K [0x00000000a2400000, 0x00000000a6300000, 0x00000000e0c00000)
  object space 64512K, 33% used [0x00000000a2400000,0x00000000a38e74e8,0x00000000a6300000)
 Metaspace       used 11906K, capacity 12072K, committed 12160K, reserved 1060864K
  class space    used 1360K, capacity 1398K, committed 1408K, reserved 1048576K
}
Event: 6.475 GC heap before
{Heap before GC invocations=6 (full 0):
 PSYoungGen      total 28160K, used 28139K [0x00000000e0c00000, 0x00000000e5b00000, 0x0000000100000000)
  eden space 24576K, 100% used [0x00000000e0c00000,0x00000000e2400000,0x00000000e2400000)
  from space 3584K, 99% used [0x00000000e2400000,0x00000000e277ad18,0x00000000e2780000)
  to   space 15872K, 0% used [0x00000000e4b80000,0x00000000e4b80000,0x00000000e5b00000)
 ParOldGen       total 64512K, used 21405K [0x00000000a2400000, 0x00000000a6300000, 0x00000000e0c00000)
  object space 64512K, 33% used [0x00000000a2400000,0x00000000a38e74e8,0x00000000a6300000)
 Metaspace       used 12325K, capacity 12392K, committed 12416K, reserved 1060864K
  class space    used 1378K, capacity 1398K, committed 1408K, reserved 1048576K
Event: 6.484 GC heap after
Heap after GC invocations=6 (full 0):
 PSYoungGen      total 64000K, used 11528K [0x00000000e0c00000, 0x00000000e5d00000, 0x0000000100000000)
  eden space 48128K, 0% used [0x00000000e0c00000,0x00000000e0c00000,0x00000000e3b00000)
  from space 15872K, 72% used [0x00000000e4b80000,0x00000000e56c22d8,0x00000000e5b00000)
  to   space 16896K, 0% used [0x00000000e3b00000,0x00000000e3b00000,0x00000000e4b80000)
 ParOldGen       total 64512K, used 21405K [0x00000000a2400000, 0x00000000a6300000, 0x00000000e0c00000)
  object space 64512K, 33% used [0x00000000a2400000,0x00000000a38e74e8,0x00000000a6300000)
 Metaspace       used 12325K, capacity 12392K, committed 12416K, reserved 1060864K
  class space    used 1378K, capacity 1398K, committed 1408K, reserved 1048576K
}
Event: 7.369 GC heap before
{Heap before GC invocations=7 (full 0):
 PSYoungGen      total 64000K, used 59656K [0x00000000e0c00000, 0x00000000e5d00000, 0x0000000100000000)
  eden space 48128K, 100% used [0x00000000e0c00000,0x00000000e3b00000,0x00000000e3b00000)
  from space 15872K, 72% used [0x00000000e4b80000,0x00000000e56c22d8,0x00000000e5b00000)
  to   space 16896K, 0% used [0x00000000e3b00000,0x00000000e3b00000,0x00000000e4b80000)
 ParOldGen       total 64512K, used 21405K [0x00000000a2400000, 0x00000000a6300000, 0x00000000e0c00000)
  object space 64512K, 33% used [0x00000000a2400000,0x00000000a38e74e8,0x00000000a6300000)
 Metaspace       used 13816K, capacity 13960K, committed 14208K, reserved 1062912K
  class space    used 1508K, capacity 1558K, committed 1664K, reserved 1048576K
Event: 7.384 GC heap after
Heap after GC invocations=7 (full 0):
 PSYoungGen      total 65024K, used 16874K [0x00000000e0c00000, 0x00000000e9200000, 0x0000000100000000)
  eden space 48128K, 0% used [0x00000000e0c00000,0x00000000e0c00000,0x00000000e3b00000)
  from space 16896K, 99% used [0x00000000e3b00000,0x00000000e4b7ab28,0x00000000e4b80000)
  to   space 20480K, 0% used [0x00000000e7e00000,0x00000000e7e00000,0x00000000e9200000)
 ParOldGen       total 64512K, used 22690K [0x00000000a2400000, 0x00000000a6300000, 0x00000000e0c00000)
  object space 64512K, 35% used [0x00000000a2400000,0x00000000a3a28a78,0x00000000a6300000)
 Metaspace       used 13816K, capacity 13960K, committed 14208K, reserved 1062912K
  class space    used 1508K, capacity 1558K, committed 1664K, reserved 1048576K
}
Event: 8.812 GC heap before
{Heap before GC invocations=8 (full 0):
 PSYoungGen      total 65024K, used 65002K [0x00000000e0c00000, 0x00000000e9200000, 0x0000000100000000)
  eden space 48128K, 100% used [0x00000000e0c00000,0x00000000e3b00000,0x00000000e3b00000)
  from space 16896K, 99% used [0x00000000e3b00000,0x00000000e4b7ab28,0x00000000e4b80000)
  to   space 20480K, 0% used [0x00000000e7e00000,0x00000000e7e00000,0x00000000e9200000)
 ParOldGen       total 64512K, used 22690K [0x00000000a2400000, 0x00000000a6300000, 0x00000000e0c00000)
  object space 64512K, 35% used [0x00000000a2400000,0x00000000a3a28a78,0x00000000a6300000)
 Metaspace       used 14338K, capacity 14472K, committed 14720K, reserved 1062912K
  class space    used 1516K, capacity 1558K, committed 1664K, reserved 1048576K
Event: 8.852 GC heap after
Heap after GC invocations=8 (full 0):
 PSYoungGen      total 114688K, used 16760K [0x00000000e0c00000, 0x00000000e9600000, 0x0000000100000000)
  eden space 94208K, 0% used [0x00000000e0c00000,0x00000000e0c00000,0x00000000e6800000)
  from space 20480K, 81% used [0x00000000e7e00000,0x00000000e8e5e148,0x00000000e9200000)
  to   space 22528K, 0% used [0x00000000e6800000,0x00000000e6800000,0x00000000e7e00000)
 ParOldGen       total 64512K, used 24428K [0x00000000a2400000, 0x00000000a6300000, 0x00000000e0c00000)
  object space 64512K, 37% used [0x00000000a2400000,0x00000000a3bdb000,0x00000000a6300000)
 Metaspace       used 14338K, capacity 14472K, committed 14720K, reserved 1062912K
  class space    used 1516K, capacity 1558K, committed 1664K, reserved 1048576K
}

